<?xml version="1.0" encoding="UTF-8"?>
<TestRun id="0a91dfa6-5a57-4d51-93b8-e19a2642518c" name="Phillip@MEDIASERVER 2015-11-04 21:46:17" runUser="MEDIASERVER\Phillip" xmlns="http://microsoft.com/schemas/VisualStudio/TeamTest/2010">
  <TestSettings name="Default Test Settings" id="00e17c8c-b0d7-4143-99f4-b3f0a3231634">
    <Execution>
      <TestTypeSpecific />
      <AgentRule name="Execution Agents">
      </AgentRule>
    </Execution>
    <Deployment runDeploymentRoot="Phillip_MEDIASERVER 2015-11-04 21_46_17" />
    <Properties />
  </TestSettings>
  <Times creation="2015-11-04T21:46:17.9693799+02:00" queuing="2015-11-04T21:46:19.1324608+02:00" start="2015-11-04T21:46:19.5204708+02:00" finish="2015-11-04T21:46:20.0005516+02:00" />
  <ResultSummary outcome="Completed">
    <Counters total="2" executed="2" passed="2" error="0" failed="0" timeout="0" aborted="0" inconclusive="0" passedButRunAborted="0" notRunnable="0" notExecuted="0" disconnected="0" warning="0" completed="0" inProgress="0" pending="0" />
  </ResultSummary>
  <TestDefinitions>
    <UnitTest name="TestMethod1" storage="firstmstest.dll" id="458c2552-76c1-aba1-2b2a-c38cd5aacd41">
      <Execution id="1666a32a-48fc-48b2-a1ea-e71058c5b82f" />
      <TestMethod codeBase="E:/dev/homedev/FirstMSTest/FirstMSTest/bin/Debug/FirstMSTest.dll" adapterTypeName="Microsoft.VisualStudio.TestTools.TestTypes.Unit.UnitTestAdapter, Microsoft.VisualStudio.QualityTools.Tips.UnitTest.Adapter, Version=12.0.0.0, Culture=neutral, PublicKeyToken=b03f5f7f11d50a3a" className="FirstMSTest.UnitTest1, FirstMSTest, Version=1.0.0.0, Culture=neutral, PublicKeyToken=null" name="TestMethod1" />
    </UnitTest>
    <UnitTest name="TestMethod2" storage="firstmstest.dll" id="44f6cca1-526e-92d4-b595-dda64b7ab3e8">
      <Execution id="fdda48aa-6b92-4ace-9700-6f166950d79b" />
      <TestMethod codeBase="E:/dev/homedev/FirstMSTest/FirstMSTest/bin/Debug/FirstMSTest.dll" adapterTypeName="Microsoft.VisualStudio.TestTools.TestTypes.Unit.UnitTestAdapter, Microsoft.VisualStudio.QualityTools.Tips.UnitTest.Adapter, Version=12.0.0.0, Culture=neutral, PublicKeyToken=b03f5f7f11d50a3a" className="FirstMSTest.UnitTest1, FirstMSTest, Version=1.0.0.0, Culture=neutral, PublicKeyToken=null" name="TestMethod2" />
    </UnitTest>
  </TestDefinitions>
  <TestLists>
    <TestList name="Results Not in a List" id="8c84fa94-04c1-424b-9868-57a2d4851a1d" />
    <TestList name="All Loaded Results" id="19431567-8539-422a-85d7-44ee4e166bda" />
  </TestLists>
  <TestEntries>
    <TestEntry testId="458c2552-76c1-aba1-2b2a-c38cd5aacd41" executionId="1666a32a-48fc-48b2-a1ea-e71058c5b82f" testListId="8c84fa94-04c1-424b-9868-57a2d4851a1d" />
    <TestEntry testId="44f6cca1-526e-92d4-b595-dda64b7ab3e8" executionId="fdda48aa-6b92-4ace-9700-6f166950d79b" testListId="8c84fa94-04c1-424b-9868-57a2d4851a1d" />
  </TestEntries>
  <Results>
    <UnitTestResult executionId="1666a32a-48fc-48b2-a1ea-e71058c5b82f" testId="458c2552-76c1-aba1-2b2a-c38cd5aacd41" testName="TestMethod1" computerName="MEDIASERVER" duration="00:00:00.0110087" startTime="2015-11-04T21:46:19.6284928+02:00" endTime="2015-11-04T21:46:19.9115287+02:00" testType="13cdc9d9-ddb5-4fa4-a97d-d965ccfc6d4b" outcome="Passed" testListId="8c84fa94-04c1-424b-9868-57a2d4851a1d" relativeResultsDirectory="1666a32a-48fc-48b2-a1ea-e71058c5b82f">
    </UnitTestResult>
    <UnitTestResult executionId="fdda48aa-6b92-4ace-9700-6f166950d79b" testId="44f6cca1-526e-92d4-b595-dda64b7ab3e8" testName="TestMethod2" computerName="MEDIASERVER" duration="00:00:00.0000976" startTime="2015-11-04T21:46:19.9124917+02:00" endTime="2015-11-04T21:46:19.9144916+02:00" testType="13cdc9d9-ddb5-4fa4-a97d-d965ccfc6d4b" outcome="Passed" testListId="8c84fa94-04c1-424b-9868-57a2d4851a1d" relativeResultsDirectory="fdda48aa-6b92-4ace-9700-6f166950d79b">
    </UnitTestResult>
  </Results>
</TestRun>